<?xml version="1.0" encoding="UTF-8"?>
<!-- Generated by org.testng.reporters.JUnitReportReporter -->
<testsuite hostname="Aruns-MacBook-Air.local" name="FirstTest" tests="1" failures="0" timestamp="26 Apr 2021 07:58:27 GMT" time="4.200" errors="0">
  <testcase name="PostMethodTest" time="4.200" classname="FirstTest"/>
</testsuite> <!-- FirstTest -->
