<?xml version="1.0" encoding="UTF-8"?>
<!-- Generated by org.testng.reporters.JUnitReportReporter -->
<testsuite hostname="Aruns-MacBook-Air.local" name="Logintest" tests="1" failures="0" timestamp="27 Apr 2021 14:08:17 GMT" time="4.266" errors="0">
  <testcase name="login" time="4.266" classname="Logintest"/>
</testsuite> <!-- Logintest -->
