<?xml version="1.0" encoding="UTF-8"?>
<!-- Generated by org.testng.reporters.JUnitReportReporter -->
<testsuite hostname="Aruns-MacBook-Air.local" name="SecondTest" tests="1" failures="0" timestamp="26 Apr 2021 07:47:47 GMT" time="3.205" errors="0">
  <testcase name="postMethodTest" time="3.205" classname="SecondTest"/>
</testsuite> <!-- SecondTest -->
